<?xml version="1.0" encoding="UTF-8"?>
<!-- Generated by org.testng.reporters.JUnitXMLReporter -->
<testsuite ignored="0" hostname="DESKTOP-746H6AL" failures="0" tests="2" name="TestRunner-chrome" time="103.538" errors="0" timestamp="2022-01-21T15:58:51 IST">
  <testcase classname="com.crm.comcast.ContactTest.CreateContactTest" name="createContact" time="19.703"/>
  <testcase classname="com.crm.comcast.ContactTest.CreateContactTest" name="createWithOrg" time="56.062"/>
</testsuite> <!-- TestRunner-chrome -->
