<?xml version="1.0" encoding="UTF-8"?>
<!-- Generated by org.testng.reporters.JUnitXMLReporter -->
<testsuite ignored="0" hostname="DESKTOP-746H6AL" failures="0" tests="2" name="Test" time="59.187" errors="0" timestamp="2022-01-25T08:09:58 IST">
  <testcase classname="com.crm.comcast.orgnizationTest.CreateOrganizationTest" name="CreateOrgTest" time="17.463"/>
  <testcase classname="com.crm.comcast.orgnizationTest.CreateOrganizationTest" name="createOrgWithIndustries" time="16.444"/>
</testsuite> <!-- Test -->
