<?xml version="1.0" encoding="UTF-8"?>
<!-- Generated by org.testng.reporters.JUnitXMLReporter -->
<testsuite ignored="0" hostname="DESKTOP-746H6AL" failures="0" tests="2" name="TestRunner-1" time="164.749" errors="0" timestamp="2022-01-21T15:46:49 IST">
  <testcase classname="com.crm.comcast.orgnizationTest.CreateOrganizationTest" name="CreateOrgTest" time="55.012"/>
  <testcase classname="com.crm.comcast.orgnizationTest.CreateOrganizationTest" name="createOrgWithIndustries" time="30.986"/>
</testsuite> <!-- TestRunner-1 -->
