<?xml version="1.0" encoding="UTF-8"?>
<!-- Generated by org.testng.reporters.JUnitXMLReporter -->
<testsuite ignored="4" hostname="DESKTOP-746H6AL" failures="0" tests="2" name="Test" time="76.094" errors="0" timestamp="2022-01-21T13:54:39 IST">
  <testcase classname="com.crm.comcast.ContactTest.CreateContactTest" name="createContact" time="22.483"/>
  <testcase classname="com.crm.comcast.orgnizationTest.CreateOrganizationTest" name="CreateOrgTest" time="18.245"/>
  <testcase classname="com.crm.comcast.ContactTest.CreateContactTest" name="createWithOrg" time="0.0">
    <ignored/>
  </testcase> <!-- createWithOrg -->
  <testcase classname="com_crm_Generic_utilites.BaseClass" name="@AfterSuite configAS" time="0.0">
    <ignored/>
  </testcase> <!-- @AfterSuite configAS -->
  <testcase classname="com.crm.comcast.orgnizationTest.CreateOrganizationTest" name="createOrgWithIndustries" time="0.0">
    <ignored/>
  </testcase> <!-- createOrgWithIndustries -->
  <testcase classname="com_crm_Generic_utilites.BaseClass" name="@BeforeSuite configBS" time="0.0">
    <ignored/>
  </testcase> <!-- @BeforeSuite configBS -->
</testsuite> <!-- Test -->
