<?xml version="1.0" encoding="UTF-8"?>
<testng-results ignored="0" total="1" passed="1" failed="0" skipped="0">
  <reporter-output>
  </reporter-output>
  <suite started-at="2022-01-27T14:56:10 IST" name="Default suite" finished-at="2022-01-27T14:56:10 IST" duration-ms="82">
    <groups>
    </groups>
    <test started-at="2022-01-27T14:56:10 IST" name="Default test" finished-at="2022-01-27T14:56:10 IST" duration-ms="82">
      <class name="practice.Retryclass">
        <test-method signature="amazontest()[pri:0, instance:practice.Retryclass@67080771]" started-at="2022-01-27T14:56:10 IST" name="amazontest" finished-at="2022-01-27T14:56:10 IST" duration-ms="17" status="PASS">
          <reporter-output>
          </reporter-output>
        </test-method> <!-- amazontest -->
      </class> <!-- practice.Retryclass -->
    </test> <!-- Default test -->
  </suite> <!-- Default suite -->
</testng-results>
